<?xml version="1.0" ?><testsuite name="UNKNOWN" time="0.0" timestamp="2020-12-06T11:07:08" tests="0" failures="0" skipped="0" aborted="0"><properties><property name="ant.library.dir" value="/usr/share/ant/lib"></property><property name="awt.toolkit" value="sun.awt.X11.XToolkit"></property><property name="velka.lang.compiler.jar" value="./jar/velka.lang.compiler.jar"></property><property name="ant.file.type" value="file"></property><property name="java.specification.version" value="11"></property><property name="ant.project.name" value="velka.lang.compiler"></property><property name="sun.cpu.isalist" value=""></property><property name="sun.jnu.encoding" value="UTF-8"></property><property name="java.class.path" value="/usr/share/ant/lib/ant-launcher.jar:/home/schkabi/.ant/lib/ant-junitlauncher.jar:/home/schkabi/.ant/lib/ant-jmf.jar:/home/schkabi/.ant/lib/ant-testutil.jar:/home/schkabi/.ant/lib/ant-swing.jar:/home/schkabi/.ant/lib/ant-apache-bcel.jar:/home/schkabi/.ant/lib/ant-imageio.jar:/home/schkabi/.ant/lib/ant-jai.jar:/home/schkabi/.ant/lib/ant-apache-bsf.jar:/home/schkabi/.ant/lib/ant-apache-resolver.jar:/home/schkabi/.ant/lib/ant.jar:/home/schkabi/.ant/lib/ant-javamail.jar:/home/schkabi/.ant/lib/ant-apache-log4j.jar:/home/schkabi/.ant/lib/ant-junit4.jar:/home/schkabi/.ant/lib/ant-apache-oro.jar:/home/schkabi/.ant/lib/ant-commons-logging.jar:/home/schkabi/.ant/lib/ant-netrexx.jar:/home/schkabi/.ant/lib/ant-apache-xalan2.jar:/home/schkabi/.ant/lib/ant-antlr.jar:/home/schkabi/.ant/lib/ant-jdepend.jar:/home/schkabi/.ant/lib/ant-jsch.jar:/home/schkabi/.ant/lib/junit-platform-console-standalone-1.7.0.jar:/home/schkabi/.ant/lib/ant-launcher.jar:/home/schkabi/.ant/lib/ant-xz.jar:/home/schkabi/.ant/lib/ant-apache-regexp.jar:/home/schkabi/.ant/lib/ant-junit.jar:/home/schkabi/.ant/lib/ant-commons-net.jar:/usr/share/ant/lib/ant-jmf.jar:/usr/share/ant/lib/ant-testutil.jar:/usr/share/ant/lib/ant-swing.jar:/usr/share/ant/lib/ant-apache-bcel.jar:/usr/share/ant/lib/ant-apache-bsf.jar:/usr/share/ant/lib/ant-apache-resolver.jar:/usr/share/ant/lib/ant.jar:/usr/share/ant/lib/ant-javamail.jar:/usr/share/ant/lib/ant-apache-log4j.jar:/usr/share/ant/lib/ant-junit4.jar:/usr/share/ant/lib/ant-apache-oro.jar:/usr/share/ant/lib/ant-commons-logging.jar:/usr/share/ant/lib/ant-apache-xalan2.jar:/usr/share/ant/lib/ant-antlr.jar:/usr/share/ant/lib/junit.jar:/usr/share/ant/lib/ant-jdepend.jar:/usr/share/ant/lib/jsch.jar:/usr/share/ant/lib/ant-jsch.jar:/usr/share/ant/lib/ant-launcher.jar:/usr/share/ant/lib/ant-xz.jar:/usr/share/ant/lib/ant-apache-regexp.jar:/usr/share/ant/lib/ant-junit.jar:/usr/share/ant/lib/ant-commons-net.jar"></property><property name="java.vm.vendor" value="Ubuntu"></property><property name="jar.dir" value="./jar"></property><property name="sun.arch.data.model" value="64"></property><property name="main-class" value="velka.lang.compiler.Main"></property><property name="apiguardian.api" value="../lib/apiguardian-api-1.1.0.jar"></property><property name="java.vendor.url" value="https://ubuntu.com/"></property><property name="velka.lang.types.lib" value="../lib/velka.lang.types.jar"></property><property name="user.timezone" value=""></property><property name="jar.classpath" value=". ./antlr-4.7.2-complete.jar ./velka.lang.util.jar ./velka.lang.types.jar"></property><property name="java.vm.specification.version" value="11"></property><property name="os.name" value="Linux"></property><property name="user.country" value="US"></property><property name="sun.java.launcher" value="SUN_STANDARD"></property><property name="sun.boot.library.path" value="/usr/lib/jvm/java-11-openjdk-amd64/lib"></property><property name="sun.java.command" value="org.apache.tools.ant.launch.Launcher -cp  test"></property><property name="jdk.debug" value="release"></property><property name="sun.cpu.endian" value="little"></property><property name="test.dir" value="./test"></property><property name="user.home" value="/home/schkabi"></property><property name="user.language" value="en"></property><property name="java.specification.vendor" value="Oracle Corporation"></property><property name="java.version.date" value="2020-11-04"></property><property name="java.home" value="/usr/lib/jvm/java-11-openjdk-amd64"></property><property name="file.separator" value="/"></property><property name="basedir" value="/home/schkabi/Documents/Java/velka.lang.compiler"></property><property name="java.vm.compressedOopsMode" value="32-bit"></property><property name="line.separator" value="
"></property><property name="ant.java.version" value="11"></property><property name="java.specification.name" value="Java Platform API Specification"></property><property name="java.vm.specification.vendor" value="Oracle Corporation"></property><property name="ant.file.type.velka.lang.compiler" value="file"></property><property name="java.awt.graphicsenv" value="sun.awt.X11GraphicsEnvironment"></property><property name="test.report.dir" value="./test-report"></property><property name="sun.management.compiler" value="HotSpot 64-Bit Tiered Compilers"></property><property name="velka.lang.util.lib" value="../lib/velka.lang.util.jar"></property><property name="java.runtime.version" value="11.0.9.1+1-Ubuntu-0ubuntu1.18.04"></property><property name="junit.platform.console" value="../lib/junit-platform-console-standalone-1.7.0.jar"></property><property name="user.name" value="schkabi"></property><property name="ant.file" value="/home/schkabi/Documents/Java/velka.lang.compiler/build.xml"></property><property name="path.separator" value=":"></property><property name="os.version" value="4.15.0-126-generic"></property><property name="java.runtime.name" value="OpenJDK Runtime Environment"></property><property name="file.encoding" value="UTF-8"></property><property name="ant.project.invoked-targets" value="test"></property><property name="opentest4j" value="../lib/opentest4j-1.2.0.jar"></property><property name="java.vm.name" value="OpenJDK 64-Bit Server VM"></property><property name="build.dir" value="."></property><property name="ant.core.lib" value="/home/schkabi/.ant/lib/ant.jar"></property><property name="java.vendor.url.bug" value="https://bugs.launchpad.net/ubuntu/+source/openjdk-lts"></property><property name="java.io.tmpdir" value="/tmp"></property><property name="java.version" value="11.0.9.1"></property><property name="user.dir" value="/home/schkabi/Documents/Java/velka.lang.compiler"></property><property name="os.arch" value="amd64"></property><property name="java.vm.specification.name" value="Java Virtual Machine Specification"></property><property name="java.awt.printerjob" value="sun.print.PSPrinterJob"></property><property name="junit.jupiter.api" value="../lib/junit-jupiter-api-5.7.0.jar"></property><property name="ant.home" value="/usr/share/ant"></property><property name="junit.platform.commons" value="../lib/junit-platform-commons-1.7.0.jar"></property><property name="sun.os.patch.level" value="unknown"></property><property name="antlr.lib" value="../lib/antlr-4.7.2-complete.jar"></property><property name="ant.version" value="Apache Ant(TM) version 1.10.7 compiled on September 1 2019"></property><property name="java.library.path" value="/usr/java/packages/lib:/usr/lib/x86_64-linux-gnu/jni:/lib/x86_64-linux-gnu:/usr/lib/x86_64-linux-gnu:/usr/lib/jni:/lib:/usr/lib"></property><property name="java.vendor" value="Ubuntu"></property><property name="ant.file.velka.lang.compiler" value="/home/schkabi/Documents/Java/velka.lang.compiler/build.xml"></property><property name="java.vm.info" value="mixed mode, sharing"></property><property name="java.vm.version" value="11.0.9.1+1-Ubuntu-0ubuntu1.18.04"></property><property name="classes.dir" value="./classes"></property><property name="is.debug" value="true"></property><property name="sun.io.unicode.encoding" value="UnicodeLittle"></property><property name="java.class.version" value="55.0"></property><property name="src.dir" value="src"></property><property name="ant.project.default-target" value="main"></property></properties></testsuite>